
> smart-airport-ride-pooling-backend@1.0.0 start
> node dist/server.js

2026-02-15 07:53:54:5354 [32minfo[39m: [32mRedis Client Connected[39m
prisma:info Starting a postgresql pool with 17 connections.
2026-02-15 07:53:54:5354 [32minfo[39m: [32mPrisma Client Connected[39m
node:events:496
      throw er; // Unhandled 'error' event
      ^

Error: listen EADDRINUSE: address already in use :::3000
    at Server.setupListenHandle [as _listen2] (node:net:1940:16)
    at listenInCluster (node:net:1997:12)
    at Server.listen (node:net:2102:7)
    at /Users/chetansharma302004gmail.com/smart-airport-ride-pooling_1/dist/server.js:28:16
    at Generator.next (<anonymous>)
    at fulfilled (/Users/chetansharma302004gmail.com/smart-airport-ride-pooling_1/dist/server.js:5:58)
Emitted 'error' event on Server instance at:
    at emitErrorNT (node:net:1976:8)
    at process.processTicksAndRejections (node:internal/process/task_queues:90:21) {
  code: 'EADDRINUSE',
  errno: -48,
  syscall: 'listen',
  address: '::',
  port: 3000
}

Node.js v22.17.0
